# JRE version: Java(TM) SE Runtime Environment (8.0_131-b11) (build 1.8.0_131-b11)
# Java VM: Java HotSpot(TM) 64-Bit Server VM (25.131-b11 mixed mode bsd-amd64 compressed oops)
Heap:
 PSYoungGen      total 477184K, used 217890K [0x0000000795580000, 0x00000007b6e80000, 0x00000007c0000000)
  eden space 452608K, 44% used [0x0000000795580000,0x00000007a1aec038,0x00000007b0f80000)
  from space 24576K, 64% used [0x00000007b5680000,0x00000007b65dc7d0,0x00000007b6e80000)
  to   space 48640K, 0% used [0x00000007b0f80000,0x00000007b0f80000,0x00000007b3f00000)
 ParOldGen       total 146432K, used 34876K [0x0000000740000000, 0x0000000748f00000, 0x0000000795580000)
  object space 146432K, 23% used [0x0000000740000000,0x000000074220f060,0x0000000748f00000)
 Metaspace       used 57570K, capacity 58642K, committed 59136K, reserved 1101824K
  class space    used 6791K, capacity 7094K, committed 7168K, reserved 1048576K
GC Heap History (10 events):
Event: 18.364 GC heap before
{Heap before GC invocations=9 (full 1):
 PSYoungGen      total 272896K, used 272891K [0x0000000795580000, 0x00000007af300000, 0x00000007c0000000)
  eden space 260608K, 100% used [0x0000000795580000,0x00000007a5400000,0x00000007a5400000)
  from space 12288K, 99% used [0x00000007a5400000,0x00000007a5ffee10,0x00000007a6000000)
  to   space 28672K, 0% used [0x00000007ad700000,0x00000007ad700000,0x00000007af300000)
 ParOldGen       total 68096K, used 42227K [0x0000000740000000, 0x0000000744280000, 0x0000000795580000)
  object space 68096K, 62% used [0x0000000740000000,0x000000074293cf38,0x0000000744280000)
 Metaspace       used 25645K, capacity 26476K, committed 26624K, reserved 1073152K
  class space    used 3007K, capacity 3228K, committed 3328K, reserved 1048576K
Event: 18.569 GC heap after
Heap after GC invocations=9 (full 1):
 PSYoungGen      total 369152K, used 28655K [0x0000000795580000, 0x00000007b9480000, 0x00000007c0000000)
  eden space 340480K, 0% used [0x0000000795580000,0x0000000795580000,0x00000007aa200000)
  from space 28672K, 99% used [0x00000007ad700000,0x00000007af2fbe30,0x00000007af300000)
  to   space 54272K, 0% used [0x00000007aa200000,0x00000007aa200000,0x00000007ad700000)
 ParOldGen       total 89088K, used 88770K [0x0000000740000000, 0x0000000745700000, 0x0000000795580000)
  object space 89088K, 99% used [0x0000000740000000,0x00000007456b0a60,0x0000000745700000)
 Metaspace       used 25645K, capacity 26476K, committed 26624K, reserved 1073152K
  class space    used 3007K, capacity 3228K, committed 3328K, reserved 1048576K
}
Event: 18.569 GC heap before
{Heap before GC invocations=10 (full 2):
 PSYoungGen      total 369152K, used 28655K [0x0000000795580000, 0x00000007b9480000, 0x00000007c0000000)
  eden space 340480K, 0% used [0x0000000795580000,0x0000000795580000,0x00000007aa200000)
  from space 28672K, 99% used [0x00000007ad700000,0x00000007af2fbe30,0x00000007af300000)
  to   space 54272K, 0% used [0x00000007aa200000,0x00000007aa200000,0x00000007ad700000)
 ParOldGen       total 89088K, used 88770K [0x0000000740000000, 0x0000000745700000, 0x0000000795580000)
  object space 89088K, 99% used [0x0000000740000000,0x00000007456b0a60,0x0000000745700000)
 Metaspace       used 25645K, capacity 26476K, committed 26624K, reserved 1073152K
  class space    used 3007K, capacity 3228K, committed 3328K, reserved 1048576K
Event: 18.855 GC heap after
Heap after GC invocations=10 (full 2):
 PSYoungGen      total 369152K, used 0K [0x0000000795580000, 0x00000007b9480000, 0x00000007c0000000)
  eden space 340480K, 0% used [0x0000000795580000,0x0000000795580000,0x00000007aa200000)
  from space 28672K, 0% used [0x00000007ad700000,0x00000007ad700000,0x00000007af300000)
  to   space 54272K, 0% used [0x00000007aa200000,0x00000007aa200000,0x00000007ad700000)
 ParOldGen       total 181248K, used 84022K [0x0000000740000000, 0x000000074b100000, 0x0000000795580000)
  object space 181248K, 46% used [0x0000000740000000,0x000000074520da48,0x000000074b100000)
 Metaspace       used 25645K, capacity 26476K, committed 26624K, reserved 1073152K
  class space    used 3007K, capacity 3228K, committed 3328K, reserved 1048576K
}
Event: 22.743 GC heap before
{Heap before GC invocations=11 (full 2):
 PSYoungGen      total 369152K, used 160490K [0x0000000795580000, 0x00000007b9480000, 0x00000007c0000000)
  eden space 340480K, 47% used [0x0000000795580000,0x000000079f23a8d0,0x00000007aa200000)
  from space 28672K, 0% used [0x00000007ad700000,0x00000007ad700000,0x00000007af300000)
  to   space 54272K, 0% used [0x00000007aa200000,0x00000007aa200000,0x00000007ad700000)
 ParOldGen       total 181248K, used 84022K [0x0000000740000000, 0x000000074b100000, 0x0000000795580000)
  object space 181248K, 46% used [0x0000000740000000,0x000000074520da48,0x000000074b100000)
 Metaspace       used 43206K, capacity 44122K, committed 44376K, reserved 1087488K
  class space    used 5283K, capacity 5543K, committed 5632K, reserved 1048576K
Event: 22.772 GC heap after
Heap after GC invocations=11 (full 2):
 PSYoungGen      total 394752K, used 16867K [0x0000000795580000, 0x00000007b8800000, 0x00000007c0000000)
  eden space 340480K, 0% used [0x0000000795580000,0x0000000795580000,0x00000007aa200000)
  from space 54272K, 31% used [0x00000007aa200000,0x00000007ab278fc8,0x00000007ad700000)
  to   space 50688K, 0% used [0x00000007b5680000,0x00000007b5680000,0x00000007b8800000)
 ParOldGen       total 181248K, used 84038K [0x0000000740000000, 0x000000074b100000, 0x0000000795580000)
  object space 181248K, 46% used [0x0000000740000000,0x0000000745211a58,0x000000074b100000)
 Metaspace       used 43206K, capacity 44122K, committed 44376K, reserved 1087488K
  class space    used 5283K, capacity 5543K, committed 5632K, reserved 1048576K
}
Event: 22.772 GC heap before
{Heap before GC invocations=12 (full 3):
 PSYoungGen      total 394752K, used 16867K [0x0000000795580000, 0x00000007b8800000, 0x00000007c0000000)
  eden space 340480K, 0% used [0x0000000795580000,0x0000000795580000,0x00000007aa200000)
  from space 54272K, 31% used [0x00000007aa200000,0x00000007ab278fc8,0x00000007ad700000)
  to   space 50688K, 0% used [0x00000007b5680000,0x00000007b5680000,0x00000007b8800000)
 ParOldGen       total 181248K, used 84038K [0x0000000740000000, 0x000000074b100000, 0x0000000795580000)
  object space 181248K, 46% used [0x0000000740000000,0x0000000745211a58,0x000000074b100000)
 Metaspace       used 43206K, capacity 44122K, committed 44376K, reserved 1087488K
  class space    used 5283K, capacity 5543K, committed 5632K, reserved 1048576K
Event: 22.891 GC heap after
Heap after GC invocations=12 (full 3):
 PSYoungGen      total 394752K, used 0K [0x0000000795580000, 0x00000007b8800000, 0x00000007c0000000)
  eden space 340480K, 0% used [0x0000000795580000,0x0000000795580000,0x00000007aa200000)
  from space 54272K, 0% used [0x00000007aa200000,0x00000007aa200000,0x00000007ad700000)
  to   space 50688K, 0% used [0x00000007b5680000,0x00000007b5680000,0x00000007b8800000)
 ParOldGen       total 146432K, used 34868K [0x0000000740000000, 0x0000000748f00000, 0x0000000795580000)
  object space 146432K, 23% used [0x0000000740000000,0x000000074220d060,0x0000000748f00000)
 Metaspace       used 43206K, capacity 44122K, committed 44376K, reserved 1087488K
  class space    used 5283K, capacity 5543K, committed 5632K, reserved 1048576K
}
Event: 35.246 GC heap before
{Heap before GC invocations=13 (full 3):
 PSYoungGen      total 394752K, used 340480K [0x0000000795580000, 0x00000007b8800000, 0x00000007c0000000)
  eden space 340480K, 100% used [0x0000000795580000,0x00000007aa200000,0x00000007aa200000)
  from space 54272K, 0% used [0x00000007aa200000,0x00000007aa200000,0x00000007ad700000)
  to   space 50688K, 0% used [0x00000007b5680000,0x00000007b5680000,0x00000007b8800000)
 ParOldGen       total 146432K, used 34868K [0x0000000740000000, 0x0000000748f00000, 0x0000000795580000)
  object space 146432K, 23% used [0x0000000740000000,0x000000074220d060,0x0000000748f00000)
 Metaspace       used 56932K, capacity 58048K, committed 58368K, reserved 1099776K
  class space    used 6786K, capacity 7091K, committed 7168K, reserved 1048576K
Event: 35.294 GC heap after
Heap after GC invocations=13 (full 3):
 PSYoungGen      total 477184K, used 15729K [0x0000000795580000, 0x00000007b6e80000, 0x00000007c0000000)
  eden space 452608K, 0% used [0x0000000795580000,0x0000000795580000,0x00000007b0f80000)
  from space 24576K, 64% used [0x00000007b5680000,0x00000007b65dc7d0,0x00000007b6e80000)
  to   space 48640K, 0% used [0x00000007b0f80000,0x00000007b0f80000,0x00000007b3f00000)
 ParOldGen       total 146432K, used 34876K [0x0000000740000000, 0x0000000748f00000, 0x0000000795580000)
  object space 146432K, 23% used [0x0000000740000000,0x000000074220f060,0x0000000748f00000)
 Metaspace       used 56932K, capacity 58048K, committed 58368K, reserved 1099776K
  class space    used 6786K, capacity 7091K, committed 7168K, reserved 1048576K
}

